<?xml version="1.0" encoding="UTF-8"?>
<!-- Generated by org.testng.reporters.JUnitXMLReporter -->
<testsuite ignored="2" hostname="LAPTOP-1BS8V1UU" failures="0" tests="1" name="Free CRM App Test Cases" time="20.726" errors="0" timestamp="2021-03-14T14:47:38 IST">
  <testcase classname="com.crm.qa.testcases.ContactsPageTest" name="selectContactsTest" time="0.282"/>
  <testcase classname="com.crm.qa.testcases.ContactsPageTest" name="validateCreateNewContact" time="0.0">
    <ignored/>
  </testcase> <!-- validateCreateNewContact -->
  <testcase classname="com.crm.qa.testcases.ContactsPageTest" name="verifyContactsPageLabel" time="0.0">
    <ignored/>
  </testcase> <!-- verifyContactsPageLabel -->
</testsuite> <!-- Free CRM App Test Cases -->
