<?xml version="1.0" encoding="UTF-8"?>
<testng-results skipped="0" failed="0" ignored="2" total="3" passed="1">
  <reporter-output>
  </reporter-output>
  <suite name="FREE CRM Application Automation Test Suite" duration-ms="26133" started-at="2021-03-14T19:55:44 IST" finished-at="2021-03-14T19:56:10 IST">
    <groups>
    </groups>
    <test name="Free CRM App Test Cases" duration-ms="26133" started-at="2021-03-14T19:55:44 IST" finished-at="2021-03-14T19:56:10 IST">
      <class name="com.crm.qa.testcases.ContactsPageTest">
        <test-method status="PASS" signature="setup()[pri:0, instance:com.crm.qa.testcases.ContactsPageTest@4d95d2a2]" name="setup" is-config="true" duration-ms="24376" started-at="2021-03-14T19:55:44 IST" finished-at="2021-03-14T19:56:09 IST">
          <reporter-output>
          </reporter-output>
        </test-method> <!-- setup -->
        <test-method status="PASS" signature="selectContactsTest()[pri:2, instance:com.crm.qa.testcases.ContactsPageTest@4d95d2a2]" name="selectContactsTest" duration-ms="864" started-at="2021-03-14T19:56:09 IST" finished-at="2021-03-14T19:56:10 IST">
          <reporter-output>
          </reporter-output>
        </test-method> <!-- selectContactsTest -->
        <test-method status="PASS" signature="teardown()[pri:0, instance:com.crm.qa.testcases.ContactsPageTest@4d95d2a2]" name="teardown" is-config="true" duration-ms="796" started-at="2021-03-14T19:56:10 IST" finished-at="2021-03-14T19:56:10 IST">
          <reporter-output>
          </reporter-output>
        </test-method> <!-- teardown -->
      </class> <!-- com.crm.qa.testcases.ContactsPageTest -->
    </test> <!-- Free CRM App Test Cases -->
  </suite> <!-- FREE CRM Application Automation Test Suite -->
</testng-results>
